c:\ourstory\mapleezorsia-v2\ezorsia\release\vc142.pdb
c:\ourstory\mapleezorsia-v2\ezorsia\release\client.obj
c:\ourstory\mapleezorsia-v2\ezorsia\release\dinput8.pch
c:\ourstory\mapleezorsia-v2\ezorsia\release\stdafx.obj
c:\ourstory\mapleezorsia-v2\ezorsia\release\memory.obj
c:\ourstory\mapleezorsia-v2\ezorsia\release\dllmain.obj
c:\ourstory\mapleezorsia-v2\ezorsia\release\zallocex.obj
c:\ourstory\mapleezorsia-v2\ezorsia\release\mainmain.obj
c:\ourstory\mapleezorsia-v2\ezorsia\release\dinput8.obj
c:\ourstory\mapleezorsia-v2\out\release\config.ini
c:\ourstory\mapleezorsia-v2\out\release\ezorsiav2_ui.wz
c:\ourstory\mapleezorsia-v2\out\release\mapleezorsiav2wzfiles.img
c:\ourstory\mapleezorsia-v2\out\release\dinput8.lib
c:\ourstory\mapleezorsia-v2\out\release\dinput8.exp
c:\ourstory\mapleezorsia-v2\out\release\dinput8.dll
c:\ourstory\mapleezorsia-v2\ezorsia\release\dinput8.ipdb
c:\ourstory\mapleezorsia-v2\ezorsia\release\dinput8.iobj
c:\ourstory\mapleezorsia-v2\ezorsia\release\resource.res
c:\ourstory\mapleezorsia-v2\ezorsia\release\ezorsia v2.tlog\cl.command.1.tlog
c:\ourstory\mapleezorsia-v2\ezorsia\release\ezorsia v2.tlog\cl.read.1.tlog
c:\ourstory\mapleezorsia-v2\ezorsia\release\ezorsia v2.tlog\cl.write.1.tlog
c:\ourstory\mapleezorsia-v2\ezorsia\release\ezorsia v2.tlog\copyfile.command.1.tlog
c:\ourstory\mapleezorsia-v2\ezorsia\release\ezorsia v2.tlog\copyfile.read.1.tlog
c:\ourstory\mapleezorsia-v2\ezorsia\release\ezorsia v2.tlog\copyfile.write.1.tlog
c:\ourstory\mapleezorsia-v2\ezorsia\release\ezorsia v2.tlog\ezorsia v2.write.1u.tlog
c:\ourstory\mapleezorsia-v2\ezorsia\release\ezorsia v2.tlog\link.command.1.tlog
c:\ourstory\mapleezorsia-v2\ezorsia\release\ezorsia v2.tlog\link.read.1.tlog
c:\ourstory\mapleezorsia-v2\ezorsia\release\ezorsia v2.tlog\link.write.1.tlog
c:\ourstory\mapleezorsia-v2\ezorsia\release\ezorsia v2.tlog\rc.command.1.tlog
c:\ourstory\mapleezorsia-v2\ezorsia\release\ezorsia v2.tlog\rc.read.1.tlog
c:\ourstory\mapleezorsia-v2\ezorsia\release\ezorsia v2.tlog\rc.write.1.tlog
